#
# A fatal error has been detected by the Java Runtime Environment:
#
#  EXCEPTION_ACCESS_VIOLATION (0xc0000005) at pc=0x00007ffddab71fff, pid=29180, tid=29412
#
# JRE version:  (17.0.16+8) (build )
# Java VM: OpenJDK 64-Bit Server VM (17.0.16+8, mixed mode, sharing, tiered, compressed oops, compressed class ptrs, g1 gc, windows-amd64)
# Problematic frame:
# V  [jvm.dll+0x791fff]
#
# No core dump will be written. Minidumps are not enabled by default on client versions of Windows
#
#

---------------  S U M M A R Y ------------

Command Line: 

Host: AMD Ryzen 5 7535HS with Radeon Graphics        , 12 cores, 15G,  Windows 11 , 64 bit Build 26100 (10.0.26100.6725)
Time: Sun Oct 26 17:16:44 2025  Windows 11 , 64 bit Build 26100 (10.0.26100.6725) elapsed time: 0.030247 seconds (0d 0h 0m 0s)

---------------  T H R E A D  ---------------

Current thread (0x000002c6b7139d10):  JavaThread "Unknown thread" [_thread_in_vm, id=29412, stack(0x000000c978500000,0x000000c978600000)]

Stack: [0x000000c978500000,0x000000c978600000],  sp=0x000000c9785fe540,  free space=1017k
Native frames: (J=compiled Java code, j=interpreted, Vv=VM code, C=native code)
V  [jvm.dll+0x791fff]
V  [jvm.dll+0x77e3ac]
V  [jvm.dll+0x7771d8]
V  [jvm.dll+0x77500f]
V  [jvm.dll+0x77101e]
V  [jvm.dll+0x793f93]
V  [jvm.dll+0x36b9b7]
V  [jvm.dll+0x7ea5df]
V  [jvm.dll+0x3f24fe]
V  [jvm.dll+0x3f4031]
C  [jli.dll+0x5278]
C  [ucrtbase.dll+0x37b0]
C  [KERNEL32.DLL+0x2e8d7]
C  [ntdll.dll+0x8c53c]


siginfo: EXCEPTION_ACCESS_VIOLATION (0xc0000005), writing address 0x00003893ad9dccdb


Registers:
RAX=0x00003893ad9dccdb, RBX=0x000002c6b7155760, RCX=0x000000c9785ff360, RDX=0x000000000000000b
RSP=0x000000c9785fe540, RBP=0x000000c9785fe6f0, RSI=0x000000c9785ff360, RDI=0x0000000000000000
R8 =0x0000000000000001, R9 =0x0000000000000008, R10=0x000000c9785ff458, R11=0x000000c9785fe5e8
R12=0x0000000000000002, R13=0x0000000000000007, R14=0x0000000000000000, R15=0x0000000000000008
RIP=0x00007ffddab71fff, EFLAGS=0x0000000000010206

XMM[0]=0x0000000000000000 0xffffffffffffffff
XMM[1]=0xffffffff00000000 0x0000000000000000
XMM[2]=0x0000000000000000 0x00000008ffffffff
XMM[3]=0xffffffffffffffff 0x0000000000000000
XMM[4]=0x00007ffddac860c0 0xffffffffffffff00
XMM[5]=0x486824548b486024 0x5c8b4850246c8b48
XMM[6]=0x0000000000000000 0x0000000000000000
XMM[7]=0x0000000000000000 0x0000000000000000
XMM[8]=0x0000000000000000 0x0000000000000000
XMM[9]=0x0000000000000000 0x0000000000000000
XMM[10]=0x0000000000000000 0x0000000000000000
XMM[11]=0x0000000000000000 0x0000000000000000
XMM[12]=0x0000000000000000 0x0000000000000000
XMM[13]=0x0000000000000000 0x0000000000000000
XMM[14]=0x0000000000000000 0x0000000000000000
XMM[15]=0x0000000000000000 0x0000000000000000
  MXCSR=0x00001fa0


Register to memory mapping:

RIP=0x00007ffddab71fff jvm.dll
RAX=0x00003893ad9dccdb is an unknown value
RBX=0x000002c6b7155760 points into unknown readable memory: 0x00007ffddad37388 | 88 73 d3 da fd 7f 00 00
RCX=0x000000c9785ff360 points into unknown readable memory: 0x00007ffddada7a40 | 40 7a da da fd 7f 00 00
RDX=0x000000000000000b is an unknown value
RSP=0x000000c9785fe540 points into unknown readable memory: 0x0000000000000000 | 00 00 00 00 00 00 00 00
RBP=0x000000c9785fe6f0 points into unknown readable memory: 0x0000000000000006 | 06 00 00 00 00 00 00 00
RSI=0x000000c9785ff360 points into unknown readable memory: 0x00007ffddada7a40 | 40 7a da da fd 7f 00 00
RDI=0x0 is NULL
R8 =0x0000000000000001 is an unknown value
R9 =0x0000000000000008 is an unknown value
R10=0x000000c9785ff458 points into unknown readable memory: 0x000002c6c61f7b00 | 00 7b 1f c6 c6 02 00 00
R11=0x000000c9785fe5e8 points into unknown readable memory: 0x00007ffddab5e3ac | ac e3 b5 da fd 7f 00 00
R12=0x0000000000000002 is an unknown value
R13=0x0000000000000007 is an unknown value
R14=0x0 is NULL
R15=0x0000000000000008 is an unknown value


Top of Stack: (sp=0x000000c9785fe540)
0x000000c9785fe540:   0000000000000000 ffffffffffffffff
0x000000c9785fe550:   ffffffffffffffff 00000008ffffffff
0x000000c9785fe560:   0000000000000000 00007ffddac860c0
0x000000c9785fe570:   0000000000000000 ffffffff00000000
0x000000c9785fe580:   ffffffffffffffff 00007ffddac860c0
0x000000c9785fe590:   0000000000000000 ffffffffffffffff
0x000000c9785fe5a0:   ffffffffffffffff 00000008ffffffff
0x000000c9785fe5b0:   0000000000000000 00003893ad9dccdb
0x000000c9785fe5c0:   0000000000000000 0000000000000000
0x000000c9785fe5d0:   000000c9785ff360 000000c9785fe6f0
0x000000c9785fe5e0:   000002c6b7155760 00007ffddab5e3ac
0x000000c9785fe5f0:   000002c6b7155760 000000c9785ff360
0x000000c9785fe600:   0000000000000000 000000c9785fe6f0
0x000000c9785fe610:   000000c9785fe820 0000000000000800
0x000000c9785fe620:   0000000000000002 000004a8ffffffff
0x000000c9785fe630:   00003893ad9dcc00 00007ffddac860c0
0x000000c9785fe640:   0000000000000007 0000000000000002
0x000000c9785fe650:   ffffffffffffffff 0000000000000002
0x000000c9785fe660:   00003893ad9dcc00 00007ffddac860c0
0x000000c9785fe670:   0000000000000000 00007ffd00000000
0x000000c9785fe680:   000002c6b713a200 00007ffdda742068
0x000000c9785fe690:   0000000000000007 0000000000000002
0x000000c9785fe6a0:   ffffffffffffffff 0000000000000002
0x000000c9785fe6b0:   00003893ad9dcc00 00007ffddac860c0
0x000000c9785fe6c0:   0000000000000000 00007ffd00000000
0x000000c9785fe6d0:   000002c6b713a200 00007ffdda742068
0x000000c9785fe6e0:   000000000000000e 0000000000000006
0x000000c9785fe6f0:   0000000000000006 0000000000000002
0x000000c9785fe700:   ffffffffffffffff 0000000000000002
0x000000c9785fe710:   0000000000000000 00007ffddac860c0
0x000000c9785fe720:   0000000000000000 fffffff800000000
0x000000c9785fe730:   ffffffff00000000 00007ffddac860c0 

Instructions: (pc=0x00007ffddab71fff)
0x00007ffddab71eff:   2d 78 f4 ff 48 85 c0 74 12 45 33 c0 48 8b c8 41
0x00007ffddab71f0f:   8d 50 0c e8 e9 e4 ed ff 48 8b f8 45 2b fd 4c 8b
0x00007ffddab71f1f:   c7 41 8b d7 48 8b ce e8 d5 e5 ed ff b2 01 48 8b
0x00007ffddab71f2f:   cb e8 7b 78 e3 ff 48 8b cb e8 93 f9 e2 ff 48 8b
0x00007ffddab71f3f:   15 a4 5f 41 00 48 8d 4c 24 70 41 b8 06 00 00 00
0x00007ffddab71f4f:   e8 8c 8b 92 ff 0f 10 44 24 70 48 8d 54 24 30 48
0x00007ffddab71f5f:   8b cb 0f 10 4d 80 0f 29 44 24 30 0f 10 45 90 0f
0x00007ffddab71f6f:   29 4c 24 40 f2 0f 10 4d a0 0f 29 44 24 50 f2 0f
0x00007ffddab71f7f:   11 4c 24 60 e8 a8 b3 e2 ff 48 8b 8d 88 01 00 00
0x00007ffddab71f8f:   48 8d 55 b0 41 b9 06 00 00 00 c6 44 24 28 00 45
0x00007ffddab71f9f:   8b c4 48 89 74 24 20 e8 f5 c1 a6 ff 48 8d 4d b0
0x00007ffddab71faf:   48 8b 58 20 e8 b8 cb a6 ff 48 8b c3 48 8b 9c 24
0x00007ffddab71fbf:   80 02 00 00 48 81 c4 40 02 00 00 41 5f 41 5e 41
0x00007ffddab71fcf:   5d 41 5c 5f 5e 5d c3 cc cc cc cc cc cc cc cc cc
0x00007ffddab71fdf:   cc 4c 8b dc 53 55 56 57 41 56 48 81 ec 80 00 00
0x00007ffddab71fef:   00 48 8b 05 31 fb 3b 00 48 33 c4 48 89 44 24 78
0x00007ffddab71fff:   48 00 00 00 00 00 00 00 49 8d 43 98 45 33 f6 49
0x00007ffddab7200f:   89 43 90 4c 89 44 24 40 49 8d 43 a8 c7 44 24 50
0x00007ffddab7201f:   ff ff ff ff 49 8b f1 4c 8b 0d ab 6a 22 00 48 8b
0x00007ffddab7202f:   e9 48 8b 49 10 4c 8b c6 4c 89 74 24 48 48 8b fa
0x00007ffddab7203f:   0f 28 44 24 40 4d 89 73 88 49 89 43 80 48 89 5c
0x00007ffddab7204f:   24 20 45 89 73 bc 4d 89 73 c0 45 88 73 c8 66 0f
0x00007ffddab7205f:   7f 44 24 40 e8 e8 1c e2 ff 4c 8b 0d 69 6a 22 00
0x00007ffddab7206f:   4c 8b c6 48 8b 4d 10 48 8b d7 44 88 74 24 38 4c
0x00007ffddab7207f:   89 74 24 30 48 89 5c 24 28 4c 89 4c 24 20 e8 1e
0x00007ffddab7208f:   20 e2 ff 48 8b 4d 10 48 8d 54 24 50 e8 30 83 92
0x00007ffddab7209f:   ff 48 8b 4c 24 78 48 33 cc e8 c3 33 10 00 48 81
0x00007ffddab720af:   c4 80 00 00 00 41 5e 5f 5e 5d 5b c3 cc cc cc cc
0x00007ffddab720bf:   cc 40 55 53 56 57 41 54 41 55 41 56 41 57 48 8d
0x00007ffddab720cf:   6c 24 98 48 81 ec 68 01 00 00 48 8b 05 48 fa 3b
0x00007ffddab720df:   00 48 33 c4 48 89 45 58 48 8b 85 d0 00 00 00 48
0x00007ffddab720ef:   8b f2 48 8b 1d c0 6b 22 00 4d 8b e1 48 8b 3d be 


Stack slot to memory mapping:
stack at sp + 0 slots: 0x0 is NULL
stack at sp + 1 slots: 0xffffffffffffffff is an unknown value
stack at sp + 2 slots: 0xffffffffffffffff is an unknown value
stack at sp + 3 slots: 0x00000008ffffffff is an unknown value
stack at sp + 4 slots: 0x0 is NULL
stack at sp + 5 slots: 0x00007ffddac860c0 jvm.dll
stack at sp + 6 slots: 0x0 is NULL
stack at sp + 7 slots: 0xffffffff00000000 is an unknown value


---------------  P R O C E S S  ---------------

Threads class SMR info:
_java_thread_list=0x00007ffddaf17f58, length=0, elements={
}

Java Threads: ( => current thread )

Other Threads:
  0x000002c6b71a8830 GCTaskThread "GC Thread#0" [stack: 0x000000c978600000,0x000000c978700000] [id=21396]
  0x000002c6b71b8990 ConcurrentGCThread "G1 Main Marker" [stack: 0x000000c978700000,0x000000c978800000] [id=21904]
  0x000002c6b71ba4a0 ConcurrentGCThread "G1 Conc#0" [stack: 0x000000c978800000,0x000000c978900000] [id=29728]
  0x000002c6b71ee010 ConcurrentGCThread "G1 Refine#0" [stack: 0x000000c978900000,0x000000c978a00000] [id=1988]
  0x000002c6b71ee850 ConcurrentGCThread "G1 Service" [stack: 0x000000c978a00000,0x000000c978b00000] [id=26620]

=>0x000002c6b7139d10 (exited) JavaThread "Unknown thread" [_thread_in_vm, id=29412, stack(0x000000c978500000,0x000000c978600000)]

Threads with active compile tasks:

VM state: not at safepoint (normal execution)

VM Mutex/Monitor currently owned by a thread: None

Heap address: 0x000000070c000000, size: 3904 MB, Compressed Oops mode: Zero based, Oop shift amount: 3

CDS archive(s) mapped at: [0x000002c6da000000-0x000002c6dabb0000-0x000002c6dabb0000), size 12255232, SharedBaseAddress: 0x000002c6da000000, ArchiveRelocationMode: 1.
Compressed class space mapped at: 0x000002c6db000000-0x000002c71b000000, reserved size: 1073741824
Narrow klass base: 0x000002c6da000000, Narrow klass shift: 0, Narrow klass range: 0x100000000

GC Precious Log:
 CPUs: 12 total, 12 available
 Memory: 15611M
 Large Page Support: Disabled
 NUMA Support: Disabled
 Compressed Oops: Enabled (Zero based)
 Heap Region Size: 2M
 Heap Min Capacity: 8M
 Heap Initial Capacity: 244M
 Heap Max Capacity: 3904M
 Pre-touch: Disabled
 Parallel Workers: 10
 Concurrent Workers: 3
 Concurrent Refinement Workers: 10
 Periodic GC: Disabled

Heap:
 garbage-first heap   total 249856K, used 0K [0x000000070c000000, 0x0000000800000000)
  region size 2048K, 1 young (2048K), 0 survivors (0K)
 Metaspace       used 1K, committed 128K, reserved 1114112K
  class space    used 0K, committed 64K, reserved 1048576K

Heap Regions: E=young(eden), S=young(survivor), O=old, HS=humongous(starts), HC=humongous(continues), CS=collection set, F=free, OA=open archive, CA=closed archive, TAMS=top-at-mark-start (previous, next)
|   0|0x000000070c000000, 0x000000070c000000, 0x000000070c200000|  0%| F|  |TAMS 0x000000070c000000, 0x000000070c000000| Untracked 
|   1|0x000000070c200000, 0x000000070c200000, 0x000000070c400000|  0%| F|  |TAMS 0x000000070c200000, 0x000000070c200000| Untracked 
|   2|0x000000070c400000, 0x000000070c400000, 0x000000070c600000|  0%| F|  |TAMS 0x000000070c400000, 0x000000070c400000| Untracked 
|   3|0x000000070c600000, 0x000000070c600000, 0x000000070c800000|  0%| F|  |TAMS 0x000000070c600000, 0x000000070c600000| Untracked 
|   4|0x000000070c800000, 0x000000070c800000, 0x000000070ca00000|  0%| F|  |TAMS 0x000000070c800000, 0x000000070c800000| Untracked 
|   5|0x000000070ca00000, 0x000000070ca00000, 0x000000070cc00000|  0%| F|  |TAMS 0x000000070ca00000, 0x000000070ca00000| Untracked 
|   6|0x000000070cc00000, 0x000000070cc00000, 0x000000070ce00000|  0%| F|  |TAMS 0x000000070cc00000, 0x000000070cc00000| Untracked 
|   7|0x000000070ce00000, 0x000000070ce00000, 0x000000070d000000|  0%| F|  |TAMS 0x000000070ce00000, 0x000000070ce00000| Untracked 
|   8|0x000000070d000000, 0x000000070d000000, 0x000000070d200000|  0%| F|  |TAMS 0x000000070d000000, 0x000000070d000000| Untracked 
|   9|0x000000070d200000, 0x000000070d200000, 0x000000070d400000|  0%| F|  |TAMS 0x000000070d200000, 0x000000070d200000| Untracked 
|  10|0x000000070d400000, 0x000000070d400000, 0x000000070d600000|  0%| F|  |TAMS 0x000000070d400000, 0x000000070d400000| Untracked 
|  11|0x000000070d600000, 0x000000070d600000, 0x000000070d800000|  0%| F|  |TAMS 0x000000070d600000, 0x000000070d600000| Untracked 
|  12|0x000000070d800000, 0x000000070d800000, 0x000000070da00000|  0%| F|  |TAMS 0x000000070d800000, 0x000000070d800000| Untracked 
|  13|0x000000070da00000, 0x000000070da00000, 0x000000070dc00000|  0%| F|  |TAMS 0x000000070da00000, 0x000000070da00000| Untracked 
|  14|0x000000070dc00000, 0x000000070dc00000, 0x000000070de00000|  0%| F|  |TAMS 0x000000070dc00000, 0x000000070dc00000| Untracked 
|  15|0x000000070de00000, 0x000000070de00000, 0x000000070e000000|  0%| F|  |TAMS 0x000000070de00000, 0x000000070de00000| Untracked 
|  16|0x000000070e000000, 0x000000070e000000, 0x000000070e200000|  0%| F|  |TAMS 0x000000070e000000, 0x000000070e000000| Untracked 
|  17|0x000000070e200000, 0x000000070e200000, 0x000000070e400000|  0%| F|  |TAMS 0x000000070e200000, 0x000000070e200000| Untracked 
|  18|0x000000070e400000, 0x000000070e400000, 0x000000070e600000|  0%| F|  |TAMS 0x000000070e400000, 0x000000070e400000| Untracked 
|  19|0x000000070e600000, 0x000000070e600000, 0x000000070e800000|  0%| F|  |TAMS 0x000000070e600000, 0x000000070e600000| Untracked 
|  20|0x000000070e800000, 0x000000070e800000, 0x000000070ea00000|  0%| F|  |TAMS 0x000000070e800000, 0x000000070e800000| Untracked 
|  21|0x000000070ea00000, 0x000000070ea00000, 0x000000070ec00000|  0%| F|  |TAMS 0x000000070ea00000, 0x000000070ea00000| Untracked 
|  22|0x000000070ec00000, 0x000000070ec00000, 0x000000070ee00000|  0%| F|  |TAMS 0x000000070ec00000, 0x000000070ec00000| Untracked 
|  23|0x000000070ee00000, 0x000000070ee00000, 0x000000070f000000|  0%| F|  |TAMS 0x000000070ee00000, 0x000000070ee00000| Untracked 
|  24|0x000000070f000000, 0x000000070f000000, 0x000000070f200000|  0%| F|  |TAMS 0x000000070f000000, 0x000000070f000000| Untracked 
|  25|0x000000070f200000, 0x000000070f200000, 0x000000070f400000|  0%| F|  |TAMS 0x000000070f200000, 0x000000070f200000| Untracked 
|  26|0x000000070f400000, 0x000000070f400000, 0x000000070f600000|  0%| F|  |TAMS 0x000000070f400000, 0x000000070f400000| Untracked 
|  27|0x000000070f600000, 0x000000070f600000, 0x000000070f800000|  0%| F|  |TAMS 0x000000070f600000, 0x000000070f600000| Untracked 
|  28|0x000000070f800000, 0x000000070f800000, 0x000000070fa00000|  0%| F|  |TAMS 0x000000070f800000, 0x000000070f800000| Untracked 
|  29|0x000000070fa00000, 0x000000070fa00000, 0x000000070fc00000|  0%| F|  |TAMS 0x000000070fa00000, 0x000000070fa00000| Untracked 
|  30|0x000000070fc00000, 0x000000070fc00000, 0x000000070fe00000|  0%| F|  |TAMS 0x000000070fc00000, 0x000000070fc00000| Untracked 
|  31|0x000000070fe00000, 0x000000070fe00000, 0x0000000710000000|  0%| F|  |TAMS 0x000000070fe00000, 0x000000070fe00000| Untracked 
|  32|0x0000000710000000, 0x0000000710000000, 0x0000000710200000|  0%| F|  |TAMS 0x0000000710000000, 0x0000000710000000| Untracked 
|  33|0x0000000710200000, 0x0000000710200000, 0x0000000710400000|  0%| F|  |TAMS 0x0000000710200000, 0x0000000710200000| Untracked 
|  34|0x0000000710400000, 0x0000000710400000, 0x0000000710600000|  0%| F|  |TAMS 0x0000000710400000, 0x0000000710400000| Untracked 
|  35|0x0000000710600000, 0x0000000710600000, 0x0000000710800000|  0%| F|  |TAMS 0x0000000710600000, 0x0000000710600000| Untracked 
|  36|0x0000000710800000, 0x0000000710800000, 0x0000000710a00000|  0%| F|  |TAMS 0x0000000710800000, 0x0000000710800000| Untracked 
|  37|0x0000000710a00000, 0x0000000710a00000, 0x0000000710c00000|  0%| F|  |TAMS 0x0000000710a00000, 0x0000000710a00000| Untracked 
|  38|0x0000000710c00000, 0x0000000710c00000, 0x0000000710e00000|  0%| F|  |TAMS 0x0000000710c00000, 0x0000000710c00000| Untracked 
|  39|0x0000000710e00000, 0x0000000710e00000, 0x0000000711000000|  0%| F|  |TAMS 0x0000000710e00000, 0x0000000710e00000| Untracked 
|  40|0x0000000711000000, 0x0000000711000000, 0x0000000711200000|  0%| F|  |TAMS 0x0000000711000000, 0x0000000711000000| Untracked 
|  41|0x0000000711200000, 0x0000000711200000, 0x0000000711400000|  0%| F|  |TAMS 0x0000000711200000, 0x0000000711200000| Untracked 
|  42|0x0000000711400000, 0x0000000711400000, 0x0000000711600000|  0%| F|  |TAMS 0x0000000711400000, 0x0000000711400000| Untracked 
|  43|0x0000000711600000, 0x0000000711600000, 0x0000000711800000|  0%| F|  |TAMS 0x0000000711600000, 0x0000000711600000| Untracked 
|  44|0x0000000711800000, 0x0000000711800000, 0x0000000711a00000|  0%| F|  |TAMS 0x0000000711800000, 0x0000000711800000| Untracked 
|  45|0x0000000711a00000, 0x0000000711a00000, 0x0000000711c00000|  0%| F|  |TAMS 0x0000000711a00000, 0x0000000711a00000| Untracked 
|  46|0x0000000711c00000, 0x0000000711c00000, 0x0000000711e00000|  0%| F|  |TAMS 0x0000000711c00000, 0x0000000711c00000| Untracked 
|  47|0x0000000711e00000, 0x0000000711e00000, 0x0000000712000000|  0%| F|  |TAMS 0x0000000711e00000, 0x0000000711e00000| Untracked 
|  48|0x0000000712000000, 0x0000000712000000, 0x0000000712200000|  0%| F|  |TAMS 0x0000000712000000, 0x0000000712000000| Untracked 
|  49|0x0000000712200000, 0x0000000712200000, 0x0000000712400000|  0%| F|  |TAMS 0x0000000712200000, 0x0000000712200000| Untracked 
|  50|0x0000000712400000, 0x0000000712400000, 0x0000000712600000|  0%| F|  |TAMS 0x0000000712400000, 0x0000000712400000| Untracked 
|  51|0x0000000712600000, 0x0000000712600000, 0x0000000712800000|  0%| F|  |TAMS 0x0000000712600000, 0x0000000712600000| Untracked 
|  52|0x0000000712800000, 0x0000000712800000, 0x0000000712a00000|  0%| F|  |TAMS 0x0000000712800000, 0x0000000712800000| Untracked 
|  53|0x0000000712a00000, 0x0000000712a00000, 0x0000000712c00000|  0%| F|  |TAMS 0x0000000712a00000, 0x0000000712a00000| Untracked 
|  54|0x0000000712c00000, 0x0000000712c00000, 0x0000000712e00000|  0%| F|  |TAMS 0x0000000712c00000, 0x0000000712c00000| Untracked 
|  55|0x0000000712e00000, 0x0000000712e00000, 0x0000000713000000|  0%| F|  |TAMS 0x0000000712e00000, 0x0000000712e00000| Untracked 
|  56|0x0000000713000000, 0x0000000713000000, 0x0000000713200000|  0%| F|  |TAMS 0x0000000713000000, 0x0000000713000000| Untracked 
|  57|0x0000000713200000, 0x0000000713200000, 0x0000000713400000|  0%| F|  |TAMS 0x0000000713200000, 0x0000000713200000| Untracked 
|  58|0x0000000713400000, 0x0000000713400000, 0x0000000713600000|  0%| F|  |TAMS 0x0000000713400000, 0x0000000713400000| Untracked 
|  59|0x0000000713600000, 0x0000000713600000, 0x0000000713800000|  0%| F|  |TAMS 0x0000000713600000, 0x0000000713600000| Untracked 
|  60|0x0000000713800000, 0x0000000713800000, 0x0000000713a00000|  0%| F|  |TAMS 0x0000000713800000, 0x0000000713800000| Untracked 
|  61|0x0000000713a00000, 0x0000000713a00000, 0x0000000713c00000|  0%| F|  |TAMS 0x0000000713a00000, 0x0000000713a00000| Untracked 
|  62|0x0000000713c00000, 0x0000000713c00000, 0x0000000713e00000|  0%| F|  |TAMS 0x0000000713c00000, 0x0000000713c00000| Untracked 
|  63|0x0000000713e00000, 0x0000000713e00000, 0x0000000714000000|  0%| F|  |TAMS 0x0000000713e00000, 0x0000000713e00000| Untracked 
|  64|0x0000000714000000, 0x0000000714000000, 0x0000000714200000|  0%| F|  |TAMS 0x0000000714000000, 0x0000000714000000| Untracked 
|  65|0x0000000714200000, 0x0000000714200000, 0x0000000714400000|  0%| F|  |TAMS 0x0000000714200000, 0x0000000714200000| Untracked 
|  66|0x0000000714400000, 0x0000000714400000, 0x0000000714600000|  0%| F|  |TAMS 0x0000000714400000, 0x0000000714400000| Untracked 
|  67|0x0000000714600000, 0x0000000714600000, 0x0000000714800000|  0%| F|  |TAMS 0x0000000714600000, 0x0000000714600000| Untracked 
|  68|0x0000000714800000, 0x0000000714800000, 0x0000000714a00000|  0%| F|  |TAMS 0x0000000714800000, 0x0000000714800000| Untracked 
|  69|0x0000000714a00000, 0x0000000714a00000, 0x0000000714c00000|  0%| F|  |TAMS 0x0000000714a00000, 0x0000000714a00000| Untracked 
|  70|0x0000000714c00000, 0x0000000714c00000, 0x0000000714e00000|  0%| F|  |TAMS 0x0000000714c00000, 0x0000000714c00000| Untracked 
|  71|0x0000000714e00000, 0x0000000714e00000, 0x0000000715000000|  0%| F|  |TAMS 0x0000000714e00000, 0x0000000714e00000| Untracked 
|  72|0x0000000715000000, 0x0000000715000000, 0x0000000715200000|  0%| F|  |TAMS 0x0000000715000000, 0x0000000715000000| Untracked 
|  73|0x0000000715200000, 0x0000000715200000, 0x0000000715400000|  0%| F|  |TAMS 0x0000000715200000, 0x0000000715200000| Untracked 
|  74|0x0000000715400000, 0x0000000715400000, 0x0000000715600000|  0%| F|  |TAMS 0x0000000715400000, 0x0000000715400000| Untracked 
|  75|0x0000000715600000, 0x0000000715600000, 0x0000000715800000|  0%| F|  |TAMS 0x0000000715600000, 0x0000000715600000| Untracked 
|  76|0x0000000715800000, 0x0000000715800000, 0x0000000715a00000|  0%| F|  |TAMS 0x0000000715800000, 0x0000000715800000| Untracked 
|  77|0x0000000715a00000, 0x0000000715a00000, 0x0000000715c00000|  0%| F|  |TAMS 0x0000000715a00000, 0x0000000715a00000| Untracked 
|  78|0x0000000715c00000, 0x0000000715c00000, 0x0000000715e00000|  0%| F|  |TAMS 0x0000000715c00000, 0x0000000715c00000| Untracked 
|  79|0x0000000715e00000, 0x0000000715e00000, 0x0000000716000000|  0%| F|  |TAMS 0x0000000715e00000, 0x0000000715e00000| Untracked 
|  80|0x0000000716000000, 0x0000000716000000, 0x0000000716200000|  0%| F|  |TAMS 0x0000000716000000, 0x0000000716000000| Untracked 
|  81|0x0000000716200000, 0x0000000716200000, 0x0000000716400000|  0%| F|  |TAMS 0x0000000716200000, 0x0000000716200000| Untracked 
|  82|0x0000000716400000, 0x0000000716400000, 0x0000000716600000|  0%| F|  |TAMS 0x0000000716400000, 0x0000000716400000| Untracked 
|  83|0x0000000716600000, 0x0000000716600000, 0x0000000716800000|  0%| F|  |TAMS 0x0000000716600000, 0x0000000716600000| Untracked 
|  84|0x0000000716800000, 0x0000000716800000, 0x0000000716a00000|  0%| F|  |TAMS 0x0000000716800000, 0x0000000716800000| Untracked 
|  85|0x0000000716a00000, 0x0000000716a00000, 0x0000000716c00000|  0%| F|  |TAMS 0x0000000716a00000, 0x0000000716a00000| Untracked 
|  86|0x0000000716c00000, 0x0000000716c00000, 0x0000000716e00000|  0%| F|  |TAMS 0x0000000716c00000, 0x0000000716c00000| Untracked 
|  87|0x0000000716e00000, 0x0000000716e00000, 0x0000000717000000|  0%| F|  |TAMS 0x0000000716e00000, 0x0000000716e00000| Untracked 
|  88|0x0000000717000000, 0x0000000717000000, 0x0000000717200000|  0%| F|  |TAMS 0x0000000717000000, 0x0000000717000000| Untracked 
|  89|0x0000000717200000, 0x0000000717200000, 0x0000000717400000|  0%| F|  |TAMS 0x0000000717200000, 0x0000000717200000| Untracked 
|  90|0x0000000717400000, 0x0000000717400000, 0x0000000717600000|  0%| F|  |TAMS 0x0000000717400000, 0x0000000717400000| Untracked 
|  91|0x0000000717600000, 0x0000000717600000, 0x0000000717800000|  0%| F|  |TAMS 0x0000000717600000, 0x0000000717600000| Untracked 
|  92|0x0000000717800000, 0x0000000717800000, 0x0000000717a00000|  0%| F|  |TAMS 0x0000000717800000, 0x0000000717800000| Untracked 
|  93|0x0000000717a00000, 0x0000000717a00000, 0x0000000717c00000|  0%| F|  |TAMS 0x0000000717a00000, 0x0000000717a00000| Untracked 
|  94|0x0000000717c00000, 0x0000000717c00000, 0x0000000717e00000|  0%| F|  |TAMS 0x0000000717c00000, 0x0000000717c00000| Untracked 
|  95|0x0000000717e00000, 0x0000000717e00000, 0x0000000718000000|  0%| F|  |TAMS 0x0000000717e00000, 0x0000000717e00000| Untracked 
|  96|0x0000000718000000, 0x0000000718000000, 0x0000000718200000|  0%| F|  |TAMS 0x0000000718000000, 0x0000000718000000| Untracked 
|  97|0x0000000718200000, 0x0000000718200000, 0x0000000718400000|  0%| F|  |TAMS 0x0000000718200000, 0x0000000718200000| Untracked 
|  98|0x0000000718400000, 0x0000000718400000, 0x0000000718600000|  0%| F|  |TAMS 0x0000000718400000, 0x0000000718400000| Untracked 
|  99|0x0000000718600000, 0x0000000718600000, 0x0000000718800000|  0%| F|  |TAMS 0x0000000718600000, 0x0000000718600000| Untracked 
| 100|0x0000000718800000, 0x0000000718800000, 0x0000000718a00000|  0%| F|  |TAMS 0x0000000718800000, 0x0000000718800000| Untracked 
| 101|0x0000000718a00000, 0x0000000718a00000, 0x0000000718c00000|  0%| F|  |TAMS 0x0000000718a00000, 0x0000000718a00000| Untracked 
| 102|0x0000000718c00000, 0x0000000718c00000, 0x0000000718e00000|  0%| F|  |TAMS 0x0000000718c00000, 0x0000000718c00000| Untracked 
| 103|0x0000000718e00000, 0x0000000718e00000, 0x0000000719000000|  0%| F|  |TAMS 0x0000000718e00000, 0x0000000718e00000| Untracked 
| 104|0x0000000719000000, 0x0000000719000000, 0x0000000719200000|  0%| F|  |TAMS 0x0000000719000000, 0x0000000719000000| Untracked 
| 105|0x0000000719200000, 0x0000000719200000, 0x0000000719400000|  0%| F|  |TAMS 0x0000000719200000, 0x0000000719200000| Untracked 
| 106|0x0000000719400000, 0x0000000719400000, 0x0000000719600000|  0%| F|  |TAMS 0x0000000719400000, 0x0000000719400000| Untracked 
| 107|0x0000000719600000, 0x0000000719600000, 0x0000000719800000|  0%| F|  |TAMS 0x0000000719600000, 0x0000000719600000| Untracked 
| 108|0x0000000719800000, 0x0000000719800000, 0x0000000719a00000|  0%| F|  |TAMS 0x0000000719800000, 0x0000000719800000| Untracked 
| 109|0x0000000719a00000, 0x0000000719a00000, 0x0000000719c00000|  0%| F|  |TAMS 0x0000000719a00000, 0x0000000719a00000| Untracked 
| 110|0x0000000719c00000, 0x0000000719c00000, 0x0000000719e00000|  0%| F|  |TAMS 0x0000000719c00000, 0x0000000719c00000| Untracked 
| 111|0x0000000719e00000, 0x0000000719e00000, 0x000000071a000000|  0%| F|  |TAMS 0x0000000719e00000, 0x0000000719e00000| Untracked 
| 112|0x000000071a000000, 0x000000071a000000, 0x000000071a200000|  0%| F|  |TAMS 0x000000071a000000, 0x000000071a000000| Untracked 
| 113|0x000000071a200000, 0x000000071a200000, 0x000000071a400000|  0%| F|  |TAMS 0x000000071a200000, 0x000000071a200000| Untracked 
| 114|0x000000071a400000, 0x000000071a400000, 0x000000071a600000|  0%| F|  |TAMS 0x000000071a400000, 0x000000071a400000| Untracked 
| 115|0x000000071a600000, 0x000000071a600000, 0x000000071a800000|  0%| F|  |TAMS 0x000000071a600000, 0x000000071a600000| Untracked 
| 116|0x000000071a800000, 0x000000071a800000, 0x000000071aa00000|  0%| F|  |TAMS 0x000000071a800000, 0x000000071a800000| Untracked 
| 117|0x000000071aa00000, 0x000000071aa00000, 0x000000071ac00000|  0%| F|  |TAMS 0x000000071aa00000, 0x000000071aa00000| Untracked 
| 118|0x000000071ac00000, 0x000000071ac00000, 0x000000071ae00000|  0%| F|  |TAMS 0x000000071ac00000, 0x000000071ac00000| Untracked 
| 119|0x000000071ae00000, 0x000000071ae00000, 0x000000071b000000|  0%| F|  |TAMS 0x000000071ae00000, 0x000000071ae00000| Untracked 
| 120|0x000000071b000000, 0x000000071b000000, 0x000000071b200000|  0%| F|  |TAMS 0x000000071b000000, 0x000000071b000000| Untracked 
| 121|0x000000071b200000, 0x000000071b270a58, 0x000000071b400000| 22%| E|  |TAMS 0x000000071b200000, 0x000000071b200000| Complete 

Card table byte_map: [0x000002c6ce980000,0x000002c6cf120000] _byte_map_base: 0x000002c6cb120000

Marking Bits (Prev, Next): (CMBitMap*) 0x000002c6b71a8c60, (CMBitMap*) 0x000002c6b71a8ca0
 Prev Bits: [0x000002c6cf8c0000, 0x000002c6d35c0000)
 Next Bits: [0x000002c6d35c0000, 0x000002c6d72c0000)

Polling page: 0x000002c6b5080000

Metaspace:

Usage:
  Non-class:     64 bytes used.
      Class:    992 bytes used.
       Both:      1.03 KB used.

Virtual space:
  Non-class space:       64.00 MB reserved,      64.00 KB ( <1%) committed,  1 nodes.
      Class space:        1.00 GB reserved,      64.00 KB ( <1%) committed,  1 nodes.
             Both:        1.06 GB reserved,     128.00 KB ( <1%) committed. 

Chunk freelists:
   Non-Class:  12.00 MB
       Class:  15.75 MB
        Both:  27.75 MB

MaxMetaspaceSize: unlimited
CompressedClassSpaceSize: 1.00 GB
Initial GC threshold: 21.00 MB
Current GC threshold: 17179869184.00 GB
CDS: on
MetaspaceReclaimPolicy: balanced
 - commit_granule_bytes: 65536.
 - commit_granule_words: 8192.
 - virtual_space_node_default_size: 8388608.
 - enlarge_chunks_in_place: 1.
 - new_chunks_are_fully_committed: 0.
 - uncommit_free_chunks: 1.
 - use_allocation_guard: 0.
 - handle_deallocations: 1.


Internal statistics:

num_allocs_failed_limit: 0.
num_arena_births: 2.
num_arena_deaths: 0.
num_vsnodes_births: 2.
num_vsnodes_deaths: 0.
num_space_committed: 2.
num_space_uncommitted: 0.
num_chunks_returned_to_freelist: 0.
num_chunks_taken_from_freelist: 3.
num_chunk_merges: 0.
num_chunk_splits: 2.
num_chunks_enlarged: 0.
num_inconsistent_stats: 0.

CodeHeap 'non-profiled nmethods': size=120000Kb used=0Kb max_used=0Kb free=120000Kb
 bounds [0x000002c6c6760000, 0x000002c6c69d0000, 0x000002c6cdc90000]
CodeHeap 'profiled nmethods': size=120000Kb used=0Kb max_used=0Kb free=120000Kb
 bounds [0x000002c6bec90000, 0x000002c6bef00000, 0x000002c6c61c0000]
CodeHeap 'non-nmethods': size=5760Kb used=268Kb max_used=354Kb free=5491Kb
 bounds [0x000002c6c61c0000, 0x000002c6c6430000, 0x000002c6c6760000]
 total_blobs=71 nmethods=0 adapters=47
 compilation: enabled
              stopped_count=0, restarted_count=0
 full_count=0

Compilation events (0 events):
No events

GC Heap History (0 events):
No events

Dll operation events (1 events):
Event: 0.009 Loaded shared library C:\Program Files\Eclipse Adoptium\jdk-17.0.16.8-hotspot\bin\java.dll

Deoptimization events (0 events):
No events

Classes loaded (0 events):
No events

Classes unloaded (0 events):
No events

Classes redefined (0 events):
No events

Internal exceptions (0 events):
No events

VM Operations (0 events):
No events

Memory protections (0 events):
No events

Nmethod flushes (0 events):
No events

Events (0 events):
No events


Dynamic libraries:
0x00007ff651290000 - 0x00007ff65129e000 	C:\Program Files\Eclipse Adoptium\jdk-17.0.16.8-hotspot\bin\java.exe
0x00007ffed77a0000 - 0x00007ffed7a08000 	C:\WINDOWS\SYSTEM32\ntdll.dll
0x00007ffed6560000 - 0x00007ffed6629000 	C:\WINDOWS\System32\KERNEL32.DLL
0x00007ffed4ef0000 - 0x00007ffed52e2000 	C:\WINDOWS\System32\KERNELBASE.dll
0x00007ffed4930000 - 0x00007ffed4a7b000 	C:\WINDOWS\System32\ucrtbase.dll
0x00007ffea5f80000 - 0x00007ffea5f9e000 	C:\Program Files\Eclipse Adoptium\jdk-17.0.16.8-hotspot\bin\VCRUNTIME140.dll
0x00007ffec0250000 - 0x00007ffec0267000 	C:\Program Files\Eclipse Adoptium\jdk-17.0.16.8-hotspot\bin\jli.dll
0x00007ffed6ab0000 - 0x00007ffed6c75000 	C:\WINDOWS\System32\USER32.dll
0x00007ffec19e0000 - 0x00007ffec1c73000 	C:\WINDOWS\WinSxS\amd64_microsoft.windows.common-controls_6595b64144ccf1df_6.0.26100.6899_none_3e0efeeae32e88c1\COMCTL32.dll
0x00007ffed4a80000 - 0x00007ffed4aa7000 	C:\WINDOWS\System32\win32u.dll
0x00007ffed7170000 - 0x00007ffed719b000 	C:\WINDOWS\System32\GDI32.dll
0x00007ffed64b0000 - 0x00007ffed6559000 	C:\WINDOWS\System32\msvcrt.dll
0x00007ffed5440000 - 0x00007ffed556d000 	C:\WINDOWS\System32\gdi32full.dll
0x00007ffed4e40000 - 0x00007ffed4ee3000 	C:\WINDOWS\System32\msvcp_win.dll
0x00007ffed7260000 - 0x00007ffed728f000 	C:\WINDOWS\System32\IMM32.DLL
0x00007ffec37a0000 - 0x00007ffec37ac000 	C:\Program Files\Eclipse Adoptium\jdk-17.0.16.8-hotspot\bin\vcruntime140_1.dll
0x00007ffe90740000 - 0x00007ffe907cd000 	C:\Program Files\Eclipse Adoptium\jdk-17.0.16.8-hotspot\bin\msvcp140.dll
0x00007ffdda3e0000 - 0x00007ffddb04b000 	C:\Program Files\Eclipse Adoptium\jdk-17.0.16.8-hotspot\bin\server\jvm.dll
0x00007ffed57c0000 - 0x00007ffed5874000 	C:\WINDOWS\System32\ADVAPI32.dll
0x00007ffed5570000 - 0x00007ffed5616000 	C:\WINDOWS\System32\sechost.dll
0x00007ffed56a0000 - 0x00007ffed57b8000 	C:\WINDOWS\System32\RPCRT4.dll
0x00007ffed6ea0000 - 0x00007ffed6f14000 	C:\WINDOWS\System32\WS2_32.dll
0x00007ffed4790000 - 0x00007ffed47ee000 	C:\WINDOWS\SYSTEM32\POWRPROF.dll
0x00007ffec6470000 - 0x00007ffec64a5000 	C:\WINDOWS\SYSTEM32\WINMM.dll
0x00007ffecdbd0000 - 0x00007ffecdbdb000 	C:\WINDOWS\SYSTEM32\VERSION.dll
0x00007ffed4770000 - 0x00007ffed4784000 	C:\WINDOWS\SYSTEM32\UMPDC.dll
0x00007ffed3700000 - 0x00007ffed371b000 	C:\WINDOWS\SYSTEM32\kernel.appcore.dll
0x00007ffec3030000 - 0x00007ffec303a000 	C:\Program Files\Eclipse Adoptium\jdk-17.0.16.8-hotspot\bin\jimage.dll
0x00007ffed20a0000 - 0x00007ffed22e2000 	C:\WINDOWS\SYSTEM32\DBGHELP.DLL
0x00007ffed6630000 - 0x00007ffed69ab000 	C:\WINDOWS\System32\combase.dll
0x00007ffed6ff0000 - 0x00007ffed70c7000 	C:\WINDOWS\System32\OLEAUT32.dll
0x00007ffeb3350000 - 0x00007ffeb338c000 	C:\WINDOWS\SYSTEM32\dbgcore.DLL
0x00007ffed4ab0000 - 0x00007ffed4b48000 	C:\WINDOWS\System32\bcryptPrimitives.dll
0x00007ffe93f80000 - 0x00007ffe93fa5000 	C:\Program Files\Eclipse Adoptium\jdk-17.0.16.8-hotspot\bin\java.dll

dbghelp: loaded successfully - version: 4.0.5 - missing functions: none
symbol engine: initialized successfully - sym options: 0x614 - pdb path: .;C:\Program Files\Eclipse Adoptium\jdk-17.0.16.8-hotspot\bin;C:\WINDOWS\SYSTEM32;C:\WINDOWS\WinSxS\amd64_microsoft.windows.common-controls_6595b64144ccf1df_6.0.26100.6899_none_3e0efeeae32e88c1;C:\Program Files\Eclipse Adoptium\jdk-17.0.16.8-hotspot\bin\server

VM Arguments:
java_command: <unknown>
java_class_path (initial): <not set>
Launcher Type: SUN_STANDARD

[Global flags]
     intx CICompilerCount                          = 4                                         {product} {ergonomic}
     uint ConcGCThreads                            = 3                                         {product} {ergonomic}
     uint G1ConcRefinementThreads                  = 10                                        {product} {ergonomic}
   size_t G1HeapRegionSize                         = 2097152                                   {product} {ergonomic}
    uintx GCDrainStackTargetSize                   = 64                                        {product} {ergonomic}
   size_t InitialHeapSize                          = 255852544                                 {product} {ergonomic}
   size_t MarkStackSize                            = 4194304                                   {product} {ergonomic}
   size_t MaxHeapSize                              = 4093640704                                {product} {ergonomic}
   size_t MaxNewSize                               = 2455764992                                {product} {ergonomic}
   size_t MinHeapDeltaBytes                        = 2097152                                   {product} {ergonomic}
   size_t MinHeapSize                              = 8388608                                   {product} {ergonomic}
    uintx NonNMethodCodeHeapSize                   = 5839372                                {pd product} {ergonomic}
    uintx NonProfiledCodeHeapSize                  = 122909434                              {pd product} {ergonomic}
    uintx ProfiledCodeHeapSize                     = 122909434                              {pd product} {ergonomic}
    uintx ReservedCodeCacheSize                    = 251658240                              {pd product} {ergonomic}
     bool SegmentedCodeCache                       = true                                      {product} {ergonomic}
   size_t SoftMaxHeapSize                          = 4093640704                             {manageable} {ergonomic}
     bool UseCompressedClassPointers               = true                           {product lp64_product} {ergonomic}
     bool UseCompressedOops                        = true                           {product lp64_product} {ergonomic}
     bool UseG1GC                                  = true                                      {product} {ergonomic}
     bool UseLargePagesIndividualAllocation        = false                                  {pd product} {ergonomic}

Logging:
Log output configuration:
 #0: stdout all=warning uptime,level,tags
 #1: stderr all=off uptime,level,tags

Environment Variables:
JAVA_HOME=C:\Program Files\Eclipse Adoptium\jdk-17.0.16.8-hotspot
PATH=C:\Program Files\Eclipse Adoptium\jdk-17.0.16.8-hotspot\bin;C:\Program Files\Eclipse Adoptium\jdk-17.0.16.8-hotspot\bin;C:\Program Files\Common Files\Oracle\Java\javapath;C:\Program Files\Eclipse Adoptium\jdk-8.0.452.9-hotspot\bin;C:\Windows\system32;C:\Windows;C:\Windows\System32\Wbem;C:\Windows\System32\WindowsPowerShell\v1.0\;C:\Windows\System32\OpenSSH\;C:\Program Files (x86)\NVIDIA Corporation\PhysX\Common;C:\WINDOWS\system32;C:\WINDOWS;C:\WINDOWS\System32\Wbem;C:\WINDOWS\System32\WindowsPowerShell\v1.0\;C:\WINDOWS\System32\OpenSSH\;C:\Program Files\NVIDIA Corporation\NVIDIA app\NvDLISR;C:\Program Files\dotnet\;C:\Program Files\Git\cmd;C:\Program Files\Eclipse Adoptium\jdk-17.0.16.8-hotspot\bin;C:\Program Files\Common Files\Oracle\Java\javapath;C:\Program Files\Eclipse Adoptium\jdk-8.0.452.9-hotspot\bin;C:\Windows\system32;C:\Windows;C:\Windows\System32\Wbem;C:\Windows\System32\WindowsPowerShell\v1.0\;C:\Windows\System32\OpenSSH\;C:\Program Files (x86)\NVIDIA Corporation\PhysX\Common;C:\WINDOWS\system32;C:\WINDOWS;C:\WINDOWS\System32\Wbem;C:\WINDOWS\System32\WindowsPowerShell\v1.0\;C:\WINDOWS\System32\OpenSSH\;C:\Program Files\NVIDIA Corporation\NVIDIA app\NvDLISR;C:\Program Files\dotnet\;C:\Program Files\Git\cmd;C:\Users\Dudek\AppData\Local\opam\default\bin;C:\Users\Dudek\AppData\Local\opam\.cygwin\root\usr\x86_64-w64-mingw32\sys-root\mingw\bin;C:\Program Files\Eclipse Adoptium\jdk-17.0.16.8-hotspot\bin;C:\Program Files\Common Files\Oracle\Java\javapath;C:\Program Files\Eclipse Adoptium\jdk-8.0.452.9-hotspot\bin;C:\Windows\system32;C:\Windows;C:\Windows\System32\Wbem;C:\Windows\System32\WindowsPowerShell\v1.0\;C:\Windows\System32\OpenSSH\;C:\Program Files (x86)\NVIDIA Corporation\PhysX\Common;C:\WINDOWS\system32;C:\WINDOWS;C:\WINDOWS\System32\Wbem;C:\WINDOWS\System32\WindowsPowerShell\v1.0\;C:\WINDOWS\System32\OpenSSH\;C:\Program Files\NVIDIA Corporation\NVIDIA app\NvDLISR;C:\Program Files\dotnet\;C:\Program Files\Git\cmd;C:\Users\Dudek\AppData\Local\Programs\Python\Python313\Scripts\;C:\Users\Dudek\AppData\Local\Programs\Python\Python313\;C:\Users\Dudek\AppData\Local\Programs\Python\Launcher\;C:\Users\Dudek\AppData\Local\Microsoft\WindowsApps;C:\Program Files\JetBrains\IntelliJ IDEA 2025.2\bin;C:\Program Files\JetBr;C:\Users\Dudek\AppData\Local\Coursier\data\bin;C:\Users\Dudek\AppData\Local\Programs\Microsoft VS Code\bin
USERNAME=Dominik
OS=Windows_NT
PROCESSOR_IDENTIFIER=AMD64 Family 25 Model 68 Stepping 1, AuthenticAMD
TMP=C:\Users\Dudek\AppData\Local\Temp
TEMP=C:\Users\Dudek\AppData\Local\Temp



Periodic native trim disabled


---------------  S Y S T E M  ---------------

OS:
 Windows 11 , 64 bit Build 26100 (10.0.26100.6725)
OS uptime: 1 days 6:30 hours
Hyper-V role detected

CPU: total 12 (initial active 12) (12 cores per cpu, 2 threads per core) family 25 model 68 stepping 1 microcode 0xa404107, cx8, cmov, fxsr, ht, mmx, 3dnowpref, sse, sse2, sse3, ssse3, sse4a, sse4.1, sse4.2, popcnt, lzcnt, tsc, tscinvbit, avx, avx2, aes, erms, clmul, bmi1, bmi2, adx, sha, fma, vzeroupper, clflush, clflushopt, hv
Processor Information for processor 0
  Max Mhz: 3301, Current Mhz: 2496, Mhz Limit: 3301
Processor Information for processor 1
  Max Mhz: 3301, Current Mhz: 2496, Mhz Limit: 3301
Processor Information for processor 2
  Max Mhz: 3301, Current Mhz: 2496, Mhz Limit: 3301
Processor Information for processor 3
  Max Mhz: 3301, Current Mhz: 2496, Mhz Limit: 3301
Processor Information for processor 4
  Max Mhz: 3301, Current Mhz: 2496, Mhz Limit: 3301
Processor Information for processor 5
  Max Mhz: 3301, Current Mhz: 2496, Mhz Limit: 3301
Processor Information for processor 6
  Max Mhz: 3301, Current Mhz: 2496, Mhz Limit: 3301
Processor Information for processor 7
  Max Mhz: 3301, Current Mhz: 2496, Mhz Limit: 3301
Processor Information for processor 8
  Max Mhz: 3301, Current Mhz: 2496, Mhz Limit: 3301
Processor Information for processor 9
  Max Mhz: 3301, Current Mhz: 2496, Mhz Limit: 3301
Processor Information for processor 10
  Max Mhz: 3301, Current Mhz: 2024, Mhz Limit: 3301
Processor Information for processor 11
  Max Mhz: 3301, Current Mhz: 2024, Mhz Limit: 3301

Memory: 4k page, system-wide physical 15611M (2562M free)
TotalPageFile size 26363M (AvailPageFile size 3845M)
current process WorkingSet (physical memory assigned to process): 28M, peak: 28M
current process commit charge ("private bytes"): 332M, peak: 332M

vm_info: OpenJDK 64-Bit Server VM (17.0.16+8) for windows-amd64 JRE (17.0.16+8), built on Jul 16 2025 10:37:56 by "admin" with MS VC++ 17.7 (VS2022)

END.
